<?xml version="1.0" encoding="UTF-8"?>
<testsuites name="Test Suite1" time="96.565" tests="1" failures="0" errors="0">
   <testsuite name="Test Suite1" tests="1" failures="0" errors="0" time="96.565" skipped="0" timestamp="2023-06-15 14:39:31" hostname="priscilla.d - inbl01lap5844.brd.g-c-i.com" id="Test Suites/Test Suite1">
      <properties>
[...]
</properties>
      <testcase name="Test Cases/Test Case 1" time="96.006" classname="Test Cases/Test Case 1" status="PASSED">
         <system-out><![CDATA[2023-06-15 14:39:31 - [TEST_CASE][PASSED] - Test Cases/Test Case 1: Test Cases/Test Case 1

2023-06-15 14:39:32 - [TEST_STEP][PASSED] - openBrowser(""): Browser is opened with url: ''

2023-06-15 14:39:33 - [MESSAGE][INFO] - User set preference: ['os', 'windows']

2023-06-15 14:39:33 - [MESSAGE][INFO] - User set preference: ['browserName', 'chrome']

2023-06-15 14:39:33 - [MESSAGE][INFO] - User set preference: ['browserVersion', '110']

2023-06-15 14:39:33 - [MESSAGE][INFO] - User set preference: ['katalon:option', '{organizationId=1193147, tunnelId=, usingTunnel=false}']

2023-06-15 14:39:33 - [MESSAGE][INFO] - Connecting to remote web server 'testcloud.katalon.com/hub' with type 'Selenium'

2023-06-15 14:39:35 - [MESSAGE][INFO] - Action delay is set to 0 milliseconds

2023-06-15 14:40:55 - [MESSAGE][PASSED] - Browser is opened with url: ''

2023-06-15 14:40:55 - [TEST_STEP][PASSED] - navigateToUrl("https://www.youtube.com"): Navigate to 'https://www.youtube.com' successfully

2023-06-15 14:41:00 - [MESSAGE][PASSED] - Navigate to 'https://www.youtube.com' successfully

2023-06-15 14:41:00 - [TEST_STEP][PASSED] - delay(3): Delayed 3 second(s)

2023-06-15 14:41:03 - [MESSAGE][PASSED] - Delayed 3 second(s)

2023-06-15 14:41:03 - [TEST_STEP][PASSED] - closeBrowser(): Browser is closed

2023-06-15 14:41:07 - [MESSAGE][PASSED] - Browser is closed]]></system-out>
         <system-err><![CDATA[]]></system-err>
      </testcase>
      <system-out><![CDATA[2023-06-15 14:39:31 - [TEST_SUITE][PASSED] - Test Suite1: Test Cases/Test Case 1]]></system-out>
      <system-err><![CDATA[]]></system-err>
   </testsuite>
</testsuites>
